<?xml version="1.0" encoding="utf-8"?><testsuites name="pytest tests"><testsuite name="pytest" errors="0" failures="0" skipped="0" tests="32" time="5.521" timestamp="2026-05-24T13:24:08.881070+00:00" hostname="agent-env-db769b7e-6c82-4016-a51f-f3793707c7a7"><testcase classname="backend.tests.test_medicore_backend.TestHealth" name="test_health" time="0.200" /><testcase classname="backend.tests.test_medicore_backend.TestHealth" name="test_admin_exists" time="0.047" /><testcase classname="backend.tests.test_medicore_backend.TestAuth" name="test_admin_login" time="0.306" /><testcase classname="backend.tests.test_medicore_backend.TestAuth" name="test_login_all_roles[admin]" time="0.281" /><testcase classname="backend.tests.test_medicore_backend.TestAuth" name="test_login_all_roles[doctor]" time="0.273" /><testcase classname="backend.tests.test_medicore_backend.TestAuth" name="test_login_all_roles[radiologist]" time="0.273" /><testcase classname="backend.tests.test_medicore_backend.TestAuth" name="test_login_all_roles[lab_tech]" time="0.272" /><testcase classname="backend.tests.test_medicore_backend.TestAuth" name="test_login_all_roles[receptionist]" time="0.271" /><testcase classname="backend.tests.test_medicore_backend.TestAuth" name="test_login_all_roles[patient]" time="0.285" /><testcase classname="backend.tests.test_medicore_backend.TestAuth" name="test_login_invalid" time="0.282" /><testcase classname="backend.tests.test_medicore_backend.TestAuth" name="test_me_admin" time="1.694" /><testcase classname="backend.tests.test_medicore_backend.TestCoreData" name="test_doctors_list" time="0.046" /><testcase classname="backend.tests.test_medicore_backend.TestCoreData" name="test_patients_list" time="0.052" /><testcase classname="backend.tests.test_medicore_backend.TestCoreData" name="test_drugs" time="0.049" /><testcase classname="backend.tests.test_medicore_backend.TestCoreData" name="test_prescriptions" time="0.047" /><testcase classname="backend.tests.test_medicore_backend.TestCoreData" name="test_appointments" time="0.048" /><testcase classname="backend.tests.test_medicore_backend.TestDiagnosis" name="test_scans_list" time="0.047" /><testcase classname="backend.tests.test_medicore_backend.TestDiagnosis" name="test_diagnosis_stats" time="0.047" /><testcase classname="backend.tests.test_medicore_backend.TestResources" name="test_facilities" time="0.047" /><testcase classname="backend.tests.test_medicore_backend.TestResources" name="test_alerts" time="0.048" /><testcase classname="backend.tests.test_medicore_backend.TestReports" name="test_reports_list" time="0.048" /><testcase classname="backend.tests.test_medicore_backend.TestAdminEndpoints" name="test_admin_users_with_admin" time="0.049" /><testcase classname="backend.tests.test_medicore_backend.TestAdminEndpoints" name="test_admin_users_forbidden_for_doctor" time="0.048" /><testcase classname="backend.tests.test_medicore_backend.TestAdminEndpoints" name="test_admin_users_forbidden_for_patient" time="0.062" /><testcase classname="backend.tests.test_medicore_backend.TestAdminEndpoints" name="test_audit_logs_admin" time="0.060" /><testcase classname="backend.tests.test_medicore_backend.TestAdminEndpoints" name="test_audit_logs_forbidden_for_doctor" time="0.053" /><testcase classname="backend.tests.test_medicore_backend.TestPortal" name="test_portal_me_for_patient" time="0.046" /><testcase classname="backend.tests.test_medicore_backend.TestPortal" name="test_portal_me_forbidden_for_doctor" time="0.046" /><testcase classname="backend.tests.test_medicore_backend.TestMessagesAnalytics" name="test_messages_contacts" time="0.071" /><testcase classname="backend.tests.test_medicore_backend.TestMessagesAnalytics" name="test_analytics_overview" time="0.082" /><testcase classname="backend.tests.test_medicore_backend.TestAuthEnforcement" name="test_patients_requires_auth" time="0.091" /><testcase classname="backend.tests.test_medicore_backend.TestAuthEnforcement" name="test_invalid_token" time="0.043" /></testsuite></testsuites>